<?xml version="1.0" encoding="UTF-8"?>
<testsuites name="jest tests" tests="1" failures="0" errors="0" time="3.876">
  <testsuite name="undefined" errors="0" failures="0" skipped="0" timestamp="2021-01-31T14:42:43" time="3.794" tests="1">
    <testcase classname=" renders correctly" name=" renders correctly" time="0.082">
    </testcase>
  </testsuite>
</testsuites>